<?xml version="1.0" encoding="UTF-8"?>
<testsuite xmlns:xsi="http://www.w3.org/2001/XMLSchema-instance" xsi:noNamespaceSchemaLocation="https://maven.apache.org/surefire/maven-surefire-plugin/xsd/surefire-test-report-3.0.xsd" version="3.0" name="fr.uge.simd.VectorComputationTest$Q2" time="0.022" tests="6" errors="0" skipped="0" failures="0">
  <properties>
[...]
</properties>
  <testcase name="testSumMask(int)[1]" classname="fr.uge.simd.VectorComputationTest$Q2" time="0.004"/>
  <testcase name="testSumMask(int)[2]" classname="fr.uge.simd.VectorComputationTest$Q2" time="0.001"/>
  <testcase name="testSumMask(int)[3]" classname="fr.uge.simd.VectorComputationTest$Q2" time="0.001"/>
  <testcase name="testSumMask(int)[4]" classname="fr.uge.simd.VectorComputationTest$Q2" time="0.001"/>
  <testcase name="testSumMask(int)[5]" classname="fr.uge.simd.VectorComputationTest$Q2" time="0.001"/>
  <testcase name="testSumMask(int)[6]" classname="fr.uge.simd.VectorComputationTest$Q2" time="0.001"/>
</testsuite>